<testExecutions version="1">
    <file path="tests/demo/sample_test.py">
        <testCase name="test_say_hello_to" duration="5">
            <failure message="AssertionError: assert 'Hello Bob!' == 'Hello Bobby!'&#10;  - Hello Bobby!&#10;  ?          --&#10;  + Hello Bob!">tests/demo/sample_test.py:24: AssertionError</failure>
        </testCase>        
    </file>
</testExecutions>
